<?xml version="1.0" encoding="UTF-8"?>
<!-- Generated by org.testng.reporters.JUnitXMLReporter -->
<testsuite ignored="0" hostname="Juhi_Sanal" failures="0" tests="4" name="Test1" time="0.081" errors="0" timestamp="2025-02-06T16:07:21 IST">
  <testcase classname="sample.learn" name="testInput" time="0.017"/>
  <testcase classname="sample.learn" name="testInput" time="0.001"/>
  <testcase classname="sample.learn" name="testInput" time="0.002"/>
  <testcase classname="sample.learn" name="testInput2" time="0.002"/>
</testsuite> <!-- Test1 -->
