<?xml version="1.0" encoding="UTF-8"?>
<testng-results ignored="0" total="8" passed="8" failed="0" skipped="0">
  <reporter-output>
  </reporter-output>
  <suite started-at="2025-05-12T21:42:46 GST" name="Default suite" finished-at="2025-05-12T21:43:09 GST" duration-ms="22651">
    <groups>
      <group name="cucumber">
        <method signature="AbstractTestNGCucumberTests.runScenario(io.cucumber.testng.PickleWrapper,io.cucumber.testng.FeatureWrapper)[pri:0, instance:CucumberExecutor.TestRunner@1e66f1f5]" name="runScenario" class="io.cucumber.testng.AbstractTestNGCucumberTests"/>
      </group> <!-- cucumber -->
    </groups>
    <test started-at="2025-05-12T21:42:46 GST" name="Default test" finished-at="2025-05-12T21:43:09 GST" duration-ms="22651">
      <class name="CucumberExecutor.TestRunner">
        <test-method is-config="true" signature="setUpClass(org.testng.ITestContext)[pri:0, instance:CucumberExecutor.TestRunner@1e66f1f5]" started-at="2025-05-12T21:42:46 GST" name="setUpClass" finished-at="2025-05-12T21:42:48 GST" duration-ms="1763" status="PASS">
          <params>
            <param index="0">
              <value>
                <![CDATA[org.testng.TestRunner@28d56028]]>
              </value>
            </param>
          </params>
          <reporter-output>
          </reporter-output>
        </test-method> <!-- setUpClass -->
        <test-method signature="runScenario(io.cucumber.testng.PickleWrapper,io.cucumber.testng.FeatureWrapper)[pri:0, instance:CucumberExecutor.TestRunner@1e66f1f5]" started-at="2025-05-12T21:42:48 GST" name="runScenario" description="Runs Cucumber Scenarios" data-provider="scenarios" finished-at="2025-05-12T21:42:57 GST" duration-ms="8640" status="PASS">
          <params>
            <param index="0">
              <value>
                <![CDATA["Register a new user successfully"]]>
              </value>
            </param>
            <param index="1">
              <value>
                <![CDATA["User Registration, Sign In and Add to Cart"]]>
              </value>
            </param>
          </params>
          <reporter-output>
          </reporter-output>
        </test-method> <!-- runScenario -->
        <test-method signature="runScenario(io.cucumber.testng.PickleWrapper,io.cucumber.testng.FeatureWrapper)[pri:0, instance:CucumberExecutor.TestRunner@1e66f1f5]" started-at="2025-05-12T21:42:57 GST" name="runScenario" description="Runs Cucumber Scenarios" data-provider="scenarios" finished-at="2025-05-12T21:42:58 GST" duration-ms="1706" status="PASS">
          <params>
            <param index="0">
              <value>
                <![CDATA["Registration unsuccessful with duplicate user ID"]]>
              </value>
            </param>
            <param index="1">
              <value>
                <![CDATA["User Registration, Sign In and Add to Cart"]]>
              </value>
            </param>
          </params>
          <reporter-output>
          </reporter-output>
        </test-method> <!-- runScenario -->
        <test-method signature="runScenario(io.cucumber.testng.PickleWrapper,io.cucumber.testng.FeatureWrapper)[pri:0, instance:CucumberExecutor.TestRunner@1e66f1f5]" started-at="2025-05-12T21:42:58 GST" name="runScenario" description="Runs Cucumber Scenarios" data-provider="scenarios" finished-at="2025-05-12T21:43:00 GST" duration-ms="1405" status="PASS">
          <params>
            <param index="0">
              <value>
                <![CDATA["Login unsuccessful with invalid user credentials"]]>
              </value>
            </param>
            <param index="1">
              <value>
                <![CDATA["User Registration, Sign In and Add to Cart"]]>
              </value>
            </param>
          </params>
          <reporter-output>
          </reporter-output>
        </test-method> <!-- runScenario -->
        <test-method signature="runScenario(io.cucumber.testng.PickleWrapper,io.cucumber.testng.FeatureWrapper)[pri:0, instance:CucumberExecutor.TestRunner@1e66f1f5]" started-at="2025-05-12T21:43:00 GST" name="runScenario" description="Runs Cucumber Scenarios" data-provider="scenarios" finished-at="2025-05-12T21:43:01 GST" duration-ms="1468" status="PASS">
          <params>
            <param index="0">
              <value>
                <![CDATA["Sign in with valid user"]]>
              </value>
            </param>
            <param index="1">
              <value>
                <![CDATA["User Registration, Sign In and Add to Cart"]]>
              </value>
            </param>
          </params>
          <reporter-output>
          </reporter-output>
        </test-method> <!-- runScenario -->
        <test-method signature="runScenario(io.cucumber.testng.PickleWrapper,io.cucumber.testng.FeatureWrapper)[pri:0, instance:CucumberExecutor.TestRunner@1e66f1f5]" started-at="2025-05-12T21:43:01 GST" name="runScenario" description="Runs Cucumber Scenarios" data-provider="scenarios" finished-at="2025-05-12T21:43:02 GST" duration-ms="1185" status="PASS">
          <params>
            <param index="0">
              <value>
                <![CDATA["Add item to cart"]]>
              </value>
            </param>
            <param index="1">
              <value>
                <![CDATA["User Registration, Sign In and Add to Cart"]]>
              </value>
            </param>
          </params>
          <reporter-output>
          </reporter-output>
        </test-method> <!-- runScenario -->
        <test-method signature="runScenario(io.cucumber.testng.PickleWrapper,io.cucumber.testng.FeatureWrapper)[pri:0, instance:CucumberExecutor.TestRunner@1e66f1f5]" started-at="2025-05-12T21:43:02 GST" name="runScenario" description="Runs Cucumber Scenarios" data-provider="scenarios" finished-at="2025-05-12T21:43:04 GST" duration-ms="1225" status="PASS">
          <params>
            <param index="0">
              <value>
                <![CDATA["Add item to cart"]]>
              </value>
            </param>
            <param index="1">
              <value>
                <![CDATA["User Registration, Sign In and Add to Cart"]]>
              </value>
            </param>
          </params>
          <reporter-output>
          </reporter-output>
        </test-method> <!-- runScenario -->
        <test-method signature="runScenario(io.cucumber.testng.PickleWrapper,io.cucumber.testng.FeatureWrapper)[pri:0, instance:CucumberExecutor.TestRunner@1e66f1f5]" started-at="2025-05-12T21:43:04 GST" name="runScenario" description="Runs Cucumber Scenarios" data-provider="scenarios" finished-at="2025-05-12T21:43:05 GST" duration-ms="1201" status="PASS">
          <params>
            <param index="0">
              <value>
                <![CDATA["Add item to cart"]]>
              </value>
            </param>
            <param index="1">
              <value>
                <![CDATA["User Registration, Sign In and Add to Cart"]]>
              </value>
            </param>
          </params>
          <reporter-output>
          </reporter-output>
        </test-method> <!-- runScenario -->
        <test-method signature="runScenario(io.cucumber.testng.PickleWrapper,io.cucumber.testng.FeatureWrapper)[pri:0, instance:CucumberExecutor.TestRunner@1e66f1f5]" started-at="2025-05-12T21:43:05 GST" name="runScenario" description="Runs Cucumber Scenarios" data-provider="scenarios" finished-at="2025-05-12T21:43:08 GST" duration-ms="3291" status="PASS">
          <params>
            <param index="0">
              <value>
                <![CDATA["No checkout on cart clear"]]>
              </value>
            </param>
            <param index="1">
              <value>
                <![CDATA["User Registration, Sign In and Add to Cart"]]>
              </value>
            </param>
          </params>
          <reporter-output>
          </reporter-output>
        </test-method> <!-- runScenario -->
        <test-method is-config="true" signature="tearDownClass()[pri:0, instance:CucumberExecutor.TestRunner@1e66f1f5]" started-at="2025-05-12T21:43:08 GST" name="tearDownClass" finished-at="2025-05-12T21:43:09 GST" duration-ms="674" status="PASS">
          <reporter-output>
          </reporter-output>
        </test-method> <!-- tearDownClass -->
        <test-method is-config="true" signature="closeBrowser()[pri:0, instance:CucumberExecutor.TestRunner@1e66f1f5]" started-at="2025-05-12T21:43:09 GST" name="closeBrowser" finished-at="2025-05-12T21:43:09 GST" duration-ms="348" status="PASS">
          <reporter-output>
          </reporter-output>
        </test-method> <!-- closeBrowser -->
      </class> <!-- CucumberExecutor.TestRunner -->
    </test> <!-- Default test -->
  </suite> <!-- Default suite -->
</testng-results>
